2020-10-21 09:18:16,301 INFO  [HJZ restartedMain] Caller+0	 at org.springframework.boot.StartupInfoLogger.logStarting(StartupInfoLogger.java:55)
Starting DistSchedulerApplication on HJZ with PID 28952 (D:\work_soft\IDEA_Tool\IntelliJ_IDEA\git_repositor\hjz\task-job\job2\target\classes started by Administrator in D:\work_soft\IDEA_Tool\IntelliJ_IDEA\git_repositor\hjz)
2020-10-21 09:18:16,383 INFO  [HJZ restartedMain] Caller+0	 at org.springframework.boot.SpringApplication.logStartupProfileInfo(SpringApplication.java:655)
The following profiles are active: dev
2020-10-21 09:18:16,493 INFO  [HJZ restartedMain] Caller+0	 at org.springframework.boot.logging.DeferredLog.logTo(DeferredLog.java:225)
Devtools property defaults active! Set 'spring.devtools.add-properties' to 'false' to disable
2020-10-21 09:18:16,496 INFO  [HJZ restartedMain] Caller+0	 at org.springframework.boot.logging.DeferredLog.logTo(DeferredLog.java:225)
For additional web related logging consider setting the 'logging.level.web' property to 'DEBUG'
2020-10-21 09:18:17,835 INFO  [HJZ restartedMain] Caller+0	 at org.springframework.data.repository.config.RepositoryConfigurationDelegate.registerRepositoriesIn(RepositoryConfigurationDelegate.java:127)
Bootstrapping Spring Data JPA repositories in DEFERRED mode.
2020-10-21 09:18:17,880 INFO  [HJZ restartedMain] Caller+0	 at org.springframework.data.repository.config.RepositoryConfigurationDelegate.registerRepositoriesIn(RepositoryConfigurationDelegate.java:187)
Finished Spring Data repository scanning in 31ms. Found 0 JPA repository interfaces.
2020-10-21 09:18:18,696 INFO  [HJZ restartedMain] Caller+0	 at org.springframework.boot.web.embedded.tomcat.TomcatWebServer.initialize(TomcatWebServer.java:108)
Tomcat initialized with port(s): 9091 (http)
2020-10-21 09:18:18,709 INFO  [HJZ restartedMain] Caller+0	 at org.apache.juli.logging.DirectJDKLog.log(DirectJDKLog.java:173)
Starting service [Tomcat]
2020-10-21 09:18:18,709 INFO  [HJZ restartedMain] Caller+0	 at org.apache.juli.logging.DirectJDKLog.log(DirectJDKLog.java:173)
Starting Servlet engine: [Apache Tomcat/9.0.38]
2020-10-21 09:18:18,889 INFO  [HJZ restartedMain] Caller+0	 at org.apache.juli.logging.DirectJDKLog.log(DirectJDKLog.java:173)
Initializing Spring embedded WebApplicationContext
2020-10-21 09:18:18,889 INFO  [HJZ restartedMain] Caller+0	 at org.springframework.boot.web.servlet.context.ServletWebServerApplicationContext.prepareWebApplicationContext(ServletWebServerApplicationContext.java:285)
Root WebApplicationContext: initialization completed in 2390 ms
2020-10-21 09:18:19,235 INFO  [HJZ restartedMain] Caller+0	 at org.springframework.scheduling.concurrent.ExecutorConfigurationSupport.initialize(ExecutorConfigurationSupport.java:181)
Initializing ExecutorService 'applicationTaskExecutor'
2020-10-21 09:18:19,527 INFO  [HJZ restartedMain] Caller+0	 at com.alibaba.druid.pool.DruidDataSource.init(DruidDataSource.java:930)
{dataSource-1} inited
2020-10-21 09:18:19,584 INFO  [HJZ task-1] Caller+0	 at org.hibernate.jpa.internal.util.LogHelper.logPersistenceUnitInformation(LogHelper.java:31)
HHH000204: Processing PersistenceUnitInfo [name: default]
2020-10-21 09:18:19,666 INFO  [HJZ task-1] Caller+0	 at org.hibernate.Version.logVersion(Version.java:44)
HHH000412: Hibernate ORM core version 5.4.21.Final
2020-10-21 09:18:19,887 INFO  [HJZ task-1] Caller+0	 at org.hibernate.annotations.common.reflection.java.JavaReflectionManager.<clinit>(JavaReflectionManager.java:49)
HCANN000001: Hibernate Commons Annotations {5.1.0.Final}
2020-10-21 09:18:19,897 WARN  [HJZ restartedMain] Caller+0	 at org.springframework.boot.autoconfigure.orm.jpa.JpaBaseConfiguration$JpaWebConfiguration.openEntityManagerInViewInterceptor(JpaBaseConfiguration.java:220)
spring.jpa.open-in-view is enabled by default. Therefore, database queries may be performed during view rendering. Explicitly configure spring.jpa.open-in-view to disable this warning
2020-10-21 09:18:20,075 INFO  [HJZ task-1] Caller+0	 at org.hibernate.dialect.Dialect.<init>(Dialect.java:170)
HHH000400: Using dialect: org.hibernate.dialect.MySQL8Dialect
2020-10-21 09:18:20,082 INFO  [HJZ restartedMain] Caller+0	 at springfox.documentation.spring.web.PropertySourcedRequestMappingHandlerMapping.initHandlerMethods(PropertySourcedRequestMappingHandlerMapping.java:69)
Mapped URL path [/v2/api-docs] onto method [springfox.documentation.swagger2.web.Swagger2Controller#getDocumentation(String, HttpServletRequest)]
2020-10-21 09:18:20,211 INFO  [HJZ restartedMain] Caller+0	 at org.quartz.impl.StdSchedulerFactory.instantiate(StdSchedulerFactory.java:1208)
Using default implementation for ThreadExecutor
2020-10-21 09:18:20,215 INFO  [HJZ restartedMain] Caller+0	 at org.quartz.simpl.SimpleThreadPool.initialize(SimpleThreadPool.java:268)
Job execution threads will use class loader of thread: restartedMain
2020-10-21 09:18:20,226 INFO  [HJZ restartedMain] Caller+0	 at org.quartz.core.SchedulerSignalerImpl.<init>(SchedulerSignalerImpl.java:61)
Initialized Scheduler Signaller of type: class org.quartz.core.SchedulerSignalerImpl
2020-10-21 09:18:20,227 INFO  [HJZ restartedMain] Caller+0	 at org.quartz.core.QuartzScheduler.<init>(QuartzScheduler.java:229)
Quartz Scheduler v.2.3.0 created.
2020-10-21 09:18:20,232 INFO  [HJZ restartedMain] Caller+0	 at org.quartz.impl.jdbcjobstore.JobStoreSupport.initialize(JobStoreSupport.java:672)
Using db table-based data access locking (synchronization).
2020-10-21 09:18:20,236 INFO  [HJZ restartedMain] Caller+0	 at org.quartz.impl.jdbcjobstore.JobStoreCMT.initialize(JobStoreCMT.java:145)
JobStoreCMT initialized.
2020-10-21 09:18:20,237 INFO  [HJZ restartedMain] Caller+0	 at org.quartz.core.QuartzScheduler.initialize(QuartzScheduler.java:294)
Scheduler meta-data: Quartz Scheduler (v2.3.0) 'quartzScheduler' with instanceId 'HJZ1603243100214'
  Scheduler class: 'org.quartz.core.QuartzScheduler' - running locally.
  NOT STARTED.
  Currently in standby mode.
  Number of jobs executed: 0
  Using thread pool 'org.quartz.simpl.SimpleThreadPool' - with 10 threads.
  Using job-store 'org.springframework.scheduling.quartz.LocalDataSourceJobStore' - which supports persistence. and is clustered.

2020-10-21 09:18:20,238 INFO  [HJZ restartedMain] Caller+0	 at org.quartz.impl.StdSchedulerFactory.instantiate(StdSchedulerFactory.java:1362)
Quartz scheduler 'quartzScheduler' initialized from an externally provided properties instance.
2020-10-21 09:18:20,238 INFO  [HJZ restartedMain] Caller+0	 at org.quartz.impl.StdSchedulerFactory.instantiate(StdSchedulerFactory.java:1366)
Quartz scheduler version: 2.3.0
2020-10-21 09:18:20,238 INFO  [HJZ restartedMain] Caller+0	 at org.quartz.core.QuartzScheduler.setJobFactory(QuartzScheduler.java:2287)
JobFactory set to: com.hu.config.QuartzSchedulerConfig$AutowiringSpringBeanJobFactory@5ed2648d
2020-10-21 09:18:20,374 INFO  [HJZ task-1] Caller+0	 at org.hibernate.engine.transaction.jta.platform.internal.JtaPlatformInitiator.initiateService(JtaPlatformInitiator.java:52)
HHH000490: Using JtaPlatform implementation: [org.hibernate.engine.transaction.jta.platform.internal.NoJtaPlatform]
2020-10-21 09:18:20,387 INFO  [HJZ task-1] Caller+0	 at org.springframework.orm.jpa.AbstractEntityManagerFactoryBean.buildNativeEntityManagerFactory(AbstractEntityManagerFactoryBean.java:416)
Initialized JPA EntityManagerFactory for persistence unit 'default'
2020-10-21 09:18:20,536 WARN  [HJZ restartedMain] Caller+0	 at org.springframework.boot.devtools.autoconfigure.OptionalLiveReloadServer.startServer(OptionalLiveReloadServer.java:61)
Unable to start LiveReload server
2020-10-21 09:18:20,799 INFO  [HJZ restartedMain] Caller+0	 at org.springframework.boot.web.embedded.tomcat.TomcatWebServer.start(TomcatWebServer.java:220)
Tomcat started on port(s): 9091 (http) with context path ''
2020-10-21 09:18:20,800 INFO  [HJZ restartedMain] Caller+0	 at springfox.documentation.spring.web.plugins.DocumentationPluginsBootstrapper.start(DocumentationPluginsBootstrapper.java:160)
Context refreshed
2020-10-21 09:18:20,825 INFO  [HJZ restartedMain] Caller+0	 at springfox.documentation.spring.web.plugins.DocumentationPluginsBootstrapper.start(DocumentationPluginsBootstrapper.java:163)
Found 1 custom documentation plugin(s)
2020-10-21 09:18:20,880 INFO  [HJZ restartedMain] Caller+0	 at springfox.documentation.spring.web.scanners.ApiListingReferenceScanner.scan(ApiListingReferenceScanner.java:41)
Scanning for api listing references
2020-10-21 09:18:20,905 INFO  [HJZ restartedMain] Caller+0	 at org.springframework.scheduling.quartz.SchedulerFactoryBean.startScheduler(SchedulerFactoryBean.java:727)
Starting Quartz Scheduler now
2020-10-21 09:18:20,911 INFO  [HJZ restartedMain] Caller+0	 at org.quartz.impl.jdbcjobstore.JobStoreSupport.logWarnIfNonZero(JobStoreSupport.java:3629)
ClusterManager: detected 1 failed or restarted instances.
2020-10-21 09:18:20,911 INFO  [HJZ restartedMain] Caller+0	 at org.quartz.impl.jdbcjobstore.JobStoreSupport.clusterRecover(JobStoreSupport.java:3488)
ClusterManager: Scanning for instance "HJZ1603184597733"'s failed in-progress jobs.
2020-10-21 09:18:20,916 INFO  [HJZ restartedMain] Caller+0	 at org.quartz.core.QuartzScheduler.start(QuartzScheduler.java:547)
Scheduler quartzScheduler_$_HJZ1603243100214 started.
2020-10-21 09:18:20,917 INFO  [HJZ restartedMain] Caller+0	 at org.springframework.data.repository.config.DeferredRepositoryInitializationListener.onApplicationEvent(DeferredRepositoryInitializationListener.java:49)
Triggering deferred initialization of Spring Data repositories…
2020-10-21 09:18:20,919 INFO  [HJZ restartedMain] Caller+0	 at org.springframework.data.repository.config.DeferredRepositoryInitializationListener.onApplicationEvent(DeferredRepositoryInitializationListener.java:53)
Spring Data repositories initialized!
2020-10-21 09:18:20,931 INFO  [HJZ restartedMain] Caller+0	 at org.springframework.boot.StartupInfoLogger.logStarted(StartupInfoLogger.java:61)
Started DistSchedulerApplication in 5.809 seconds (JVM running for 8.297)
2020-10-21 09:18:20,937 INFO  [HJZ restartedMain] Caller+0	 at com.hu.DistSchedulerApplication.main(DistSchedulerApplication.java:19)
DistSchedulerApplication Start done.
2020-10-21 09:18:20,957 INFO  [HJZ quartzScheduler_Worker-1] Caller+0	 at com.hu.job.HelloWorldJob.executeInternal(HelloWorldJob.java:26)
case2 HelloWorldJob at 2020-10-21 09:18:20.957
2020-10-21 09:18:21,022 INFO  [HJZ quartzScheduler_Worker-2] Caller+0	 at com.hu.job.UpdateRunningDaysJob.executeInternal(UpdateRunningDaysJob.java:26)
case2 UpdateRunningDaysJob at 2020-10-21 09:18:21
2020-10-21 09:18:22,011 INFO  [HJZ quartzScheduler_Worker-3] Caller+0	 at com.hu.job.HelloWorldJob.executeInternal(HelloWorldJob.java:26)
case2 HelloWorldJob at 2020-10-21 09:18:22.011
2020-10-21 09:18:24,011 INFO  [HJZ quartzScheduler_Worker-4] Caller+0	 at com.hu.job.HelloWorldJob.executeInternal(HelloWorldJob.java:26)
case2 HelloWorldJob at 2020-10-21 09:18:24.011
2020-10-21 09:18:24,037 INFO  [HJZ quartzScheduler_Worker-5] Caller+0	 at com.hu.job.UpdateRunningDaysJob.executeInternal(UpdateRunningDaysJob.java:26)
case2 UpdateRunningDaysJob at 2020-10-21 09:18:24
2020-10-21 09:18:26,463 INFO  [HJZ quartzScheduler_Worker-6] Caller+0	 at com.hu.job.HelloWorldJob.executeInternal(HelloWorldJob.java:26)
case2 HelloWorldJob at 2020-10-21 09:18:26.463
2020-10-21 09:18:27,011 INFO  [HJZ quartzScheduler_Worker-7] Caller+0	 at com.hu.job.UpdateRunningDaysJob.executeInternal(UpdateRunningDaysJob.java:26)
case2 UpdateRunningDaysJob at 2020-10-21 09:18:27
2020-10-21 09:18:28,009 INFO  [HJZ quartzScheduler_Worker-8] Caller+0	 at com.hu.job.HelloWorldJob.executeInternal(HelloWorldJob.java:26)
case2 HelloWorldJob at 2020-10-21 09:18:28.009
2020-10-21 09:18:30,012 INFO  [HJZ quartzScheduler_Worker-9] Caller+0	 at com.hu.job.HelloWorldJob.executeInternal(HelloWorldJob.java:26)
case2 HelloWorldJob at 2020-10-21 09:18:30.012
2020-10-21 09:18:30,025 INFO  [HJZ quartzScheduler_Worker-10] Caller+0	 at com.hu.job.UpdateRunningDaysJob.executeInternal(UpdateRunningDaysJob.java:26)
case2 UpdateRunningDaysJob at 2020-10-21 09:18:30
2020-10-21 09:18:32,009 INFO  [HJZ quartzScheduler_Worker-1] Caller+0	 at com.hu.job.HelloWorldJob.executeInternal(HelloWorldJob.java:26)
case2 HelloWorldJob at 2020-10-21 09:18:32.009
2020-10-21 09:18:33,014 INFO  [HJZ quartzScheduler_Worker-2] Caller+0	 at com.hu.job.UpdateRunningDaysJob.executeInternal(UpdateRunningDaysJob.java:26)
case2 UpdateRunningDaysJob at 2020-10-21 09:18:33
2020-10-21 09:18:34,010 INFO  [HJZ quartzScheduler_Worker-3] Caller+0	 at com.hu.job.HelloWorldJob.executeInternal(HelloWorldJob.java:26)
case2 HelloWorldJob at 2020-10-21 09:18:34.010
2020-10-21 09:18:36,011 INFO  [HJZ quartzScheduler_Worker-4] Caller+0	 at com.hu.job.HelloWorldJob.executeInternal(HelloWorldJob.java:26)
case2 HelloWorldJob at 2020-10-21 09:18:36.011
2020-10-21 09:18:36,023 INFO  [HJZ quartzScheduler_Worker-5] Caller+0	 at com.hu.job.UpdateRunningDaysJob.executeInternal(UpdateRunningDaysJob.java:26)
case2 UpdateRunningDaysJob at 2020-10-21 09:18:36
2020-10-21 09:18:38,010 INFO  [HJZ quartzScheduler_Worker-6] Caller+0	 at com.hu.job.HelloWorldJob.executeInternal(HelloWorldJob.java:26)
case2 HelloWorldJob at 2020-10-21 09:18:38.010
2020-10-21 09:18:39,010 INFO  [HJZ quartzScheduler_Worker-7] Caller+0	 at com.hu.job.UpdateRunningDaysJob.executeInternal(UpdateRunningDaysJob.java:26)
case2 UpdateRunningDaysJob at 2020-10-21 09:18:39
2020-10-21 09:18:40,009 INFO  [HJZ quartzScheduler_Worker-8] Caller+0	 at com.hu.job.HelloWorldJob.executeInternal(HelloWorldJob.java:26)
case2 HelloWorldJob at 2020-10-21 09:18:40.009
2020-10-21 09:18:42,006 INFO  [HJZ quartzScheduler_Worker-9] Caller+0	 at com.hu.job.HelloWorldJob.executeInternal(HelloWorldJob.java:26)
case2 HelloWorldJob at 2020-10-21 09:18:42.006
2020-10-21 09:18:42,051 INFO  [HJZ quartzScheduler_Worker-10] Caller+0	 at com.hu.job.UpdateRunningDaysJob.executeInternal(UpdateRunningDaysJob.java:26)
case2 UpdateRunningDaysJob at 2020-10-21 09:18:42
2020-10-21 09:18:44,083 INFO  [HJZ quartzScheduler_Worker-1] Caller+0	 at com.hu.job.HelloWorldJob.executeInternal(HelloWorldJob.java:26)
case2 HelloWorldJob at 2020-10-21 09:18:44.083
2020-10-21 09:18:45,029 INFO  [HJZ quartzScheduler_Worker-2] Caller+0	 at com.hu.job.UpdateRunningDaysJob.executeInternal(UpdateRunningDaysJob.java:26)
case2 UpdateRunningDaysJob at 2020-10-21 09:18:45
2020-10-21 09:18:45,464 INFO  [HJZ restartedMain] Caller+0	 at org.springframework.boot.StartupInfoLogger.logStarting(StartupInfoLogger.java:55)
Starting DistSchedulerApplication on HJZ with PID 22880 (D:\work_soft\IDEA_Tool\IntelliJ_IDEA\git_repositor\hjz\task-job\job1\target\classes started by Administrator in D:\work_soft\IDEA_Tool\IntelliJ_IDEA\git_repositor\hjz)
2020-10-21 09:18:45,469 INFO  [HJZ restartedMain] Caller+0	 at org.springframework.boot.SpringApplication.logStartupProfileInfo(SpringApplication.java:655)
The following profiles are active: dev
2020-10-21 09:18:45,540 INFO  [HJZ restartedMain] Caller+0	 at org.springframework.boot.logging.DeferredLog.logTo(DeferredLog.java:225)
Devtools property defaults active! Set 'spring.devtools.add-properties' to 'false' to disable
2020-10-21 09:18:45,541 INFO  [HJZ restartedMain] Caller+0	 at org.springframework.boot.logging.DeferredLog.logTo(DeferredLog.java:225)
For additional web related logging consider setting the 'logging.level.web' property to 'DEBUG'
2020-10-21 09:18:46,009 INFO  [HJZ quartzScheduler_Worker-3] Caller+0	 at com.hu.job.HelloWorldJob.executeInternal(HelloWorldJob.java:26)
case2 HelloWorldJob at 2020-10-21 09:18:46.008
2020-10-21 09:18:47,102 INFO  [HJZ restartedMain] Caller+0	 at org.springframework.data.repository.config.RepositoryConfigurationDelegate.registerRepositoriesIn(RepositoryConfigurationDelegate.java:127)
Bootstrapping Spring Data JPA repositories in DEFERRED mode.
2020-10-21 09:18:47,218 INFO  [HJZ restartedMain] Caller+0	 at org.springframework.data.repository.config.RepositoryConfigurationDelegate.registerRepositoriesIn(RepositoryConfigurationDelegate.java:187)
Finished Spring Data repository scanning in 60ms. Found 0 JPA repository interfaces.
2020-10-21 09:18:48,010 INFO  [HJZ quartzScheduler_Worker-4] Caller+0	 at com.hu.job.HelloWorldJob.executeInternal(HelloWorldJob.java:26)
case2 HelloWorldJob at 2020-10-21 09:18:48.010
2020-10-21 09:18:48,027 INFO  [HJZ quartzScheduler_Worker-5] Caller+0	 at com.hu.job.UpdateRunningDaysJob.executeInternal(UpdateRunningDaysJob.java:26)
case2 UpdateRunningDaysJob at 2020-10-21 09:18:48
2020-10-21 09:18:48,339 INFO  [HJZ restartedMain] Caller+0	 at org.springframework.boot.web.embedded.tomcat.TomcatWebServer.initialize(TomcatWebServer.java:108)
Tomcat initialized with port(s): 9090 (http)
2020-10-21 09:18:48,352 INFO  [HJZ restartedMain] Caller+0	 at org.apache.juli.logging.DirectJDKLog.log(DirectJDKLog.java:173)
Starting service [Tomcat]
2020-10-21 09:18:48,353 INFO  [HJZ restartedMain] Caller+0	 at org.apache.juli.logging.DirectJDKLog.log(DirectJDKLog.java:173)
Starting Servlet engine: [Apache Tomcat/9.0.38]
2020-10-21 09:18:48,548 INFO  [HJZ restartedMain] Caller+0	 at org.apache.juli.logging.DirectJDKLog.log(DirectJDKLog.java:173)
Initializing Spring embedded WebApplicationContext
2020-10-21 09:18:48,549 INFO  [HJZ restartedMain] Caller+0	 at org.springframework.boot.web.servlet.context.ServletWebServerApplicationContext.prepareWebApplicationContext(ServletWebServerApplicationContext.java:285)
Root WebApplicationContext: initialization completed in 3008 ms
2020-10-21 09:18:48,851 INFO  [HJZ restartedMain] Caller+0	 at org.springframework.scheduling.concurrent.ExecutorConfigurationSupport.initialize(ExecutorConfigurationSupport.java:181)
Initializing ExecutorService 'applicationTaskExecutor'
2020-10-21 09:18:49,132 INFO  [HJZ restartedMain] Caller+0	 at com.alibaba.druid.pool.DruidDataSource.init(DruidDataSource.java:930)
{dataSource-1} inited
2020-10-21 09:18:49,190 INFO  [HJZ task-1] Caller+0	 at org.hibernate.jpa.internal.util.LogHelper.logPersistenceUnitInformation(LogHelper.java:31)
HHH000204: Processing PersistenceUnitInfo [name: default]
2020-10-21 09:18:49,263 INFO  [HJZ task-1] Caller+0	 at org.hibernate.Version.logVersion(Version.java:44)
HHH000412: Hibernate ORM core version 5.4.21.Final
2020-10-21 09:18:49,510 INFO  [HJZ task-1] Caller+0	 at org.hibernate.annotations.common.reflection.java.JavaReflectionManager.<clinit>(JavaReflectionManager.java:49)
HCANN000001: Hibernate Commons Annotations {5.1.0.Final}
2020-10-21 09:18:49,514 WARN  [HJZ restartedMain] Caller+0	 at org.springframework.boot.autoconfigure.orm.jpa.JpaBaseConfiguration$JpaWebConfiguration.openEntityManagerInViewInterceptor(JpaBaseConfiguration.java:220)
spring.jpa.open-in-view is enabled by default. Therefore, database queries may be performed during view rendering. Explicitly configure spring.jpa.open-in-view to disable this warning
2020-10-21 09:18:49,704 INFO  [HJZ restartedMain] Caller+0	 at springfox.documentation.spring.web.PropertySourcedRequestMappingHandlerMapping.initHandlerMethods(PropertySourcedRequestMappingHandlerMapping.java:69)
Mapped URL path [/v2/api-docs] onto method [springfox.documentation.swagger2.web.Swagger2Controller#getDocumentation(String, HttpServletRequest)]
2020-10-21 09:18:49,707 INFO  [HJZ task-1] Caller+0	 at org.hibernate.dialect.Dialect.<init>(Dialect.java:170)
HHH000400: Using dialect: org.hibernate.dialect.MySQL8Dialect
2020-10-21 09:18:49,824 INFO  [HJZ restartedMain] Caller+0	 at org.quartz.impl.StdSchedulerFactory.instantiate(StdSchedulerFactory.java:1208)
Using default implementation for ThreadExecutor
2020-10-21 09:18:49,831 INFO  [HJZ restartedMain] Caller+0	 at org.quartz.simpl.SimpleThreadPool.initialize(SimpleThreadPool.java:268)
Job execution threads will use class loader of thread: restartedMain
2020-10-21 09:18:49,842 INFO  [HJZ restartedMain] Caller+0	 at org.quartz.core.SchedulerSignalerImpl.<init>(SchedulerSignalerImpl.java:61)
Initialized Scheduler Signaller of type: class org.quartz.core.SchedulerSignalerImpl
2020-10-21 09:18:49,843 INFO  [HJZ restartedMain] Caller+0	 at org.quartz.core.QuartzScheduler.<init>(QuartzScheduler.java:229)
Quartz Scheduler v.2.3.0 created.
2020-10-21 09:18:49,850 INFO  [HJZ restartedMain] Caller+0	 at org.quartz.impl.jdbcjobstore.JobStoreSupport.initialize(JobStoreSupport.java:672)
Using db table-based data access locking (synchronization).
2020-10-21 09:18:49,852 INFO  [HJZ restartedMain] Caller+0	 at org.quartz.impl.jdbcjobstore.JobStoreCMT.initialize(JobStoreCMT.java:145)
JobStoreCMT initialized.
2020-10-21 09:18:49,853 INFO  [HJZ restartedMain] Caller+0	 at org.quartz.core.QuartzScheduler.initialize(QuartzScheduler.java:294)
Scheduler meta-data: Quartz Scheduler (v2.3.0) 'quartzScheduler' with instanceId 'HJZ1603243129830'
  Scheduler class: 'org.quartz.core.QuartzScheduler' - running locally.
  NOT STARTED.
  Currently in standby mode.
  Number of jobs executed: 0
  Using thread pool 'org.quartz.simpl.SimpleThreadPool' - with 10 threads.
  Using job-store 'org.springframework.scheduling.quartz.LocalDataSourceJobStore' - which supports persistence. and is clustered.

2020-10-21 09:18:49,854 INFO  [HJZ restartedMain] Caller+0	 at org.quartz.impl.StdSchedulerFactory.instantiate(StdSchedulerFactory.java:1362)
Quartz scheduler 'quartzScheduler' initialized from an externally provided properties instance.
2020-10-21 09:18:49,854 INFO  [HJZ restartedMain] Caller+0	 at org.quartz.impl.StdSchedulerFactory.instantiate(StdSchedulerFactory.java:1366)
Quartz scheduler version: 2.3.0
2020-10-21 09:18:49,854 INFO  [HJZ restartedMain] Caller+0	 at org.quartz.core.QuartzScheduler.setJobFactory(QuartzScheduler.java:2287)
JobFactory set to: com.hu.config.QuartzSchedulerConfig$AutowiringSpringBeanJobFactory@2018e0bc
2020-10-21 09:18:49,995 INFO  [HJZ task-1] Caller+0	 at org.hibernate.engine.transaction.jta.platform.internal.JtaPlatformInitiator.initiateService(JtaPlatformInitiator.java:52)
HHH000490: Using JtaPlatform implementation: [org.hibernate.engine.transaction.jta.platform.internal.NoJtaPlatform]
2020-10-21 09:18:50,016 INFO  [HJZ task-1] Caller+0	 at org.springframework.orm.jpa.AbstractEntityManagerFactoryBean.buildNativeEntityManagerFactory(AbstractEntityManagerFactoryBean.java:416)
Initialized JPA EntityManagerFactory for persistence unit 'default'
2020-10-21 09:18:50,020 INFO  [HJZ quartzScheduler_Worker-6] Caller+0	 at com.hu.job.HelloWorldJob.executeInternal(HelloWorldJob.java:26)
case2 HelloWorldJob at 2020-10-21 09:18:50.020
2020-10-21 09:18:50,155 INFO  [HJZ restartedMain] Caller+0	 at org.springframework.boot.devtools.autoconfigure.OptionalLiveReloadServer.startServer(OptionalLiveReloadServer.java:58)
LiveReload server is running on port 35729
2020-10-21 09:18:50,415 WARN  [HJZ restartedMain] Caller+0	 at org.springframework.context.support.AbstractApplicationContext.refresh(AbstractApplicationContext.java:559)
Exception encountered during context initialization - cancelling refresh attempt: org.springframework.context.ApplicationContextException: Failed to start bean 'webServerStartStop'; nested exception is org.springframework.boot.web.server.PortInUseException: Port 9090 is already in use
2020-10-21 09:18:50,417 INFO  [HJZ restartedMain] Caller+0	 at org.springframework.scheduling.quartz.SchedulerFactoryBean.destroy(SchedulerFactoryBean.java:845)
Shutting down Quartz Scheduler
2020-10-21 09:18:50,417 INFO  [HJZ restartedMain] Caller+0	 at org.quartz.core.QuartzScheduler.shutdown(QuartzScheduler.java:666)
Scheduler quartzScheduler_$_HJZ1603243129830 shutting down.
2020-10-21 09:18:50,417 INFO  [HJZ restartedMain] Caller+0	 at org.quartz.core.QuartzScheduler.standby(QuartzScheduler.java:585)
Scheduler quartzScheduler_$_HJZ1603243129830 paused.
2020-10-21 09:18:50,418 INFO  [HJZ restartedMain] Caller+0	 at org.quartz.core.QuartzScheduler.shutdown(QuartzScheduler.java:740)
Scheduler quartzScheduler_$_HJZ1603243129830 shutdown complete.
2020-10-21 09:18:50,419 INFO  [HJZ restartedMain] Caller+0	 at org.springframework.orm.jpa.AbstractEntityManagerFactoryBean.destroy(AbstractEntityManagerFactoryBean.java:598)
Closing JPA EntityManagerFactory for persistence unit 'default'
2020-10-21 09:18:50,424 INFO  [HJZ restartedMain] Caller+0	 at org.springframework.scheduling.concurrent.ExecutorConfigurationSupport.shutdown(ExecutorConfigurationSupport.java:218)
Shutting down ExecutorService 'applicationTaskExecutor'
2020-10-21 09:18:50,432 INFO  [HJZ restartedMain] Caller+0	 at com.alibaba.druid.pool.DruidDataSource.close(DruidDataSource.java:1825)
{dataSource-1} closed
2020-10-21 09:18:50,435 INFO  [HJZ restartedMain] Caller+0	 at org.apache.juli.logging.DirectJDKLog.log(DirectJDKLog.java:173)
Stopping service [Tomcat]
2020-10-21 09:18:50,449 INFO  [HJZ restartedMain] Caller+0	 at org.springframework.boot.autoconfigure.logging.ConditionEvaluationReportLoggingListener.logMessage(ConditionEvaluationReportLoggingListener.java:136)


Error starting ApplicationContext. To display the conditions report re-run your application with 'debug' enabled.
2020-10-21 09:18:50,458 ERROR [HJZ restartedMain] Caller+0	 at org.springframework.boot.diagnostics.LoggingFailureAnalysisReporter.report(LoggingFailureAnalysisReporter.java:40)


***************************
APPLICATION FAILED TO START
***************************

Description:

Web server failed to start. Port 9090 was already in use.

Action:

Identify and stop the process that's listening on port 9090 or configure this application to listen on another port.

2020-10-21 09:18:51,007 INFO  [HJZ quartzScheduler_Worker-7] Caller+0	 at com.hu.job.UpdateRunningDaysJob.executeInternal(UpdateRunningDaysJob.java:26)
case2 UpdateRunningDaysJob at 2020-10-21 09:18:51
2020-10-21 09:18:52,013 INFO  [HJZ quartzScheduler_Worker-8] Caller+0	 at com.hu.job.HelloWorldJob.executeInternal(HelloWorldJob.java:26)
case2 HelloWorldJob at 2020-10-21 09:18:52.013
2020-10-21 09:18:53,183 INFO  [HJZ SpringContextShutdownHook] Caller+0	 at org.quartz.core.QuartzScheduler.standby(QuartzScheduler.java:585)
Scheduler quartzScheduler_$_HJZ1603243100214 paused.
2020-10-21 09:18:53,996 INFO  [HJZ SpringContextShutdownHook] Caller+0	 at org.springframework.scheduling.quartz.SchedulerFactoryBean.destroy(SchedulerFactoryBean.java:845)
Shutting down Quartz Scheduler
2020-10-21 09:18:53,996 INFO  [HJZ SpringContextShutdownHook] Caller+0	 at org.quartz.core.QuartzScheduler.shutdown(QuartzScheduler.java:666)
Scheduler quartzScheduler_$_HJZ1603243100214 shutting down.
2020-10-21 09:18:53,996 INFO  [HJZ SpringContextShutdownHook] Caller+0	 at org.quartz.core.QuartzScheduler.standby(QuartzScheduler.java:585)
Scheduler quartzScheduler_$_HJZ1603243100214 paused.
2020-10-21 09:18:53,997 INFO  [HJZ SpringContextShutdownHook] Caller+0	 at org.quartz.core.QuartzScheduler.shutdown(QuartzScheduler.java:740)
Scheduler quartzScheduler_$_HJZ1603243100214 shutdown complete.
2020-10-21 09:18:53,999 INFO  [HJZ SpringContextShutdownHook] Caller+0	 at org.springframework.orm.jpa.AbstractEntityManagerFactoryBean.destroy(AbstractEntityManagerFactoryBean.java:598)
Closing JPA EntityManagerFactory for persistence unit 'default'
2020-10-21 09:18:54,003 INFO  [HJZ SpringContextShutdownHook] Caller+0	 at org.springframework.scheduling.concurrent.ExecutorConfigurationSupport.shutdown(ExecutorConfigurationSupport.java:218)
Shutting down ExecutorService 'applicationTaskExecutor'
2020-10-21 09:18:54,014 INFO  [HJZ SpringContextShutdownHook] Caller+0	 at com.alibaba.druid.pool.DruidDataSource.close(DruidDataSource.java:1825)
{dataSource-1} closed
