2020-10-20 16:54:10,690 INFO  [HJZ main] Caller+0	 at org.springframework.boot.StartupInfoLogger.logStarting(StartupInfoLogger.java:55)
Starting JobApplicationTests on HJZ with PID 27804 (started by Administrator in D:\work_soft\IDEA_Tool\IntelliJ_IDEA\git_repositor\hjz\task-job\job1)
2020-10-20 16:54:10,693 INFO  [HJZ main] Caller+0	 at org.springframework.boot.SpringApplication.logStartupProfileInfo(SpringApplication.java:655)
The following profiles are active: dev
2020-10-20 16:54:12,561 INFO  [HJZ main] Caller+0	 at org.springframework.data.repository.config.RepositoryConfigurationDelegate.registerRepositoriesIn(RepositoryConfigurationDelegate.java:127)
Bootstrapping Spring Data JPA repositories in DEFERRED mode.
2020-10-20 16:54:12,745 INFO  [HJZ main] Caller+0	 at org.springframework.data.repository.config.RepositoryConfigurationDelegate.registerRepositoriesIn(RepositoryConfigurationDelegate.java:187)
Finished Spring Data repository scanning in 89ms. Found 0 JPA repository interfaces.
2020-10-20 16:54:14,431 INFO  [HJZ main] Caller+0	 at org.springframework.scheduling.concurrent.ExecutorConfigurationSupport.initialize(ExecutorConfigurationSupport.java:181)
Initializing ExecutorService 'applicationTaskExecutor'
2020-10-20 16:54:16,119 INFO  [HJZ main] Caller+0	 at com.alibaba.druid.pool.DruidDataSource.init(DruidDataSource.java:930)
{dataSource-1} inited
2020-10-20 16:54:16,240 INFO  [HJZ task-1] Caller+0	 at org.hibernate.jpa.internal.util.LogHelper.logPersistenceUnitInformation(LogHelper.java:31)
HHH000204: Processing PersistenceUnitInfo [name: default]
2020-10-20 16:54:16,594 INFO  [HJZ task-1] Caller+0	 at org.hibernate.Version.logVersion(Version.java:44)
HHH000412: Hibernate ORM core version 5.4.21.Final
2020-10-20 16:54:16,944 INFO  [HJZ main] Caller+0	 at org.quartz.impl.StdSchedulerFactory.instantiate(StdSchedulerFactory.java:1208)
Using default implementation for ThreadExecutor
2020-10-20 16:54:16,953 INFO  [HJZ main] Caller+0	 at org.quartz.simpl.SimpleThreadPool.initialize(SimpleThreadPool.java:268)
Job execution threads will use class loader of thread: main
2020-10-20 16:54:17,013 INFO  [HJZ main] Caller+0	 at org.quartz.core.SchedulerSignalerImpl.<init>(SchedulerSignalerImpl.java:61)
Initialized Scheduler Signaller of type: class org.quartz.core.SchedulerSignalerImpl
2020-10-20 16:54:17,017 INFO  [HJZ main] Caller+0	 at org.quartz.core.QuartzScheduler.<init>(QuartzScheduler.java:229)
Quartz Scheduler v.2.3.0 created.
2020-10-20 16:54:17,026 INFO  [HJZ main] Caller+0	 at org.quartz.impl.jdbcjobstore.JobStoreSupport.initialize(JobStoreSupport.java:672)
Using db table-based data access locking (synchronization).
2020-10-20 16:54:17,070 INFO  [HJZ main] Caller+0	 at org.quartz.impl.jdbcjobstore.JobStoreCMT.initialize(JobStoreCMT.java:145)
JobStoreCMT initialized.
2020-10-20 16:54:17,072 INFO  [HJZ main] Caller+0	 at org.quartz.core.QuartzScheduler.initialize(QuartzScheduler.java:294)
Scheduler meta-data: Quartz Scheduler (v2.3.0) 'quartzScheduler' with instanceId 'HJZ1603184056951'
  Scheduler class: 'org.quartz.core.QuartzScheduler' - running locally.
  NOT STARTED.
  Currently in standby mode.
  Number of jobs executed: 0
  Using thread pool 'org.quartz.simpl.SimpleThreadPool' - with 10 threads.
  Using job-store 'org.springframework.scheduling.quartz.LocalDataSourceJobStore' - which supports persistence. and is clustered.

2020-10-20 16:54:17,080 INFO  [HJZ main] Caller+0	 at org.quartz.impl.StdSchedulerFactory.instantiate(StdSchedulerFactory.java:1362)
Quartz scheduler 'quartzScheduler' initialized from an externally provided properties instance.
2020-10-20 16:54:17,081 INFO  [HJZ main] Caller+0	 at org.quartz.impl.StdSchedulerFactory.instantiate(StdSchedulerFactory.java:1366)
Quartz scheduler version: 2.3.0
2020-10-20 16:54:17,084 INFO  [HJZ main] Caller+0	 at org.quartz.core.QuartzScheduler.setJobFactory(QuartzScheduler.java:2287)
JobFactory set to: com.hu.config.QuartzSchedulerConfig$AutowiringSpringBeanJobFactory@f5a7226
2020-10-20 16:54:17,516 INFO  [HJZ task-1] Caller+0	 at org.hibernate.annotations.common.reflection.java.JavaReflectionManager.<clinit>(JavaReflectionManager.java:49)
HCANN000001: Hibernate Commons Annotations {5.1.0.Final}
2020-10-20 16:54:18,509 INFO  [HJZ task-1] Caller+0	 at org.hibernate.dialect.Dialect.<init>(Dialect.java:170)
HHH000400: Using dialect: org.hibernate.dialect.MySQL8Dialect
2020-10-20 16:54:18,813 WARN  [HJZ main] Caller+0	 at org.springframework.boot.autoconfigure.orm.jpa.JpaBaseConfiguration$JpaWebConfiguration.openEntityManagerInViewInterceptor(JpaBaseConfiguration.java:220)
spring.jpa.open-in-view is enabled by default. Therefore, database queries may be performed during view rendering. Explicitly configure spring.jpa.open-in-view to disable this warning
2020-10-20 16:54:19,422 INFO  [HJZ task-1] Caller+0	 at org.hibernate.engine.transaction.jta.platform.internal.JtaPlatformInitiator.initiateService(JtaPlatformInitiator.java:52)
HHH000490: Using JtaPlatform implementation: [org.hibernate.engine.transaction.jta.platform.internal.NoJtaPlatform]
2020-10-20 16:54:19,440 INFO  [HJZ task-1] Caller+0	 at org.springframework.orm.jpa.AbstractEntityManagerFactoryBean.buildNativeEntityManagerFactory(AbstractEntityManagerFactoryBean.java:416)
Initialized JPA EntityManagerFactory for persistence unit 'default'
2020-10-20 16:54:21,401 INFO  [HJZ main] Caller+0	 at org.springframework.scheduling.quartz.SchedulerFactoryBean.startScheduler(SchedulerFactoryBean.java:727)
Starting Quartz Scheduler now
2020-10-20 16:54:21,416 INFO  [HJZ main] Caller+0	 at org.quartz.core.QuartzScheduler.start(QuartzScheduler.java:547)
Scheduler quartzScheduler_$_HJZ1603184056951 started.
2020-10-20 16:54:21,417 INFO  [HJZ main] Caller+0	 at org.springframework.data.repository.config.DeferredRepositoryInitializationListener.onApplicationEvent(DeferredRepositoryInitializationListener.java:49)
Triggering deferred initialization of Spring Data repositories…
2020-10-20 16:54:21,418 INFO  [HJZ main] Caller+0	 at org.springframework.data.repository.config.DeferredRepositoryInitializationListener.onApplicationEvent(DeferredRepositoryInitializationListener.java:53)
Spring Data repositories initialized!
2020-10-20 16:54:21,431 INFO  [HJZ main] Caller+0	 at org.springframework.boot.StartupInfoLogger.logStarted(StartupInfoLogger.java:61)
Started JobApplicationTests in 11.637 seconds (JVM running for 15.207)
2020-10-20 16:54:21,706 INFO  [HJZ SpringContextShutdownHook] Caller+0	 at org.quartz.core.QuartzScheduler.standby(QuartzScheduler.java:585)
Scheduler quartzScheduler_$_HJZ1603184056951 paused.
2020-10-20 16:54:21,709 INFO  [HJZ SpringContextShutdownHook] Caller+0	 at org.springframework.scheduling.quartz.SchedulerFactoryBean.destroy(SchedulerFactoryBean.java:845)
Shutting down Quartz Scheduler
2020-10-20 16:54:21,710 INFO  [HJZ SpringContextShutdownHook] Caller+0	 at org.quartz.core.QuartzScheduler.shutdown(QuartzScheduler.java:666)
Scheduler quartzScheduler_$_HJZ1603184056951 shutting down.
2020-10-20 16:54:21,710 INFO  [HJZ SpringContextShutdownHook] Caller+0	 at org.quartz.core.QuartzScheduler.standby(QuartzScheduler.java:585)
Scheduler quartzScheduler_$_HJZ1603184056951 paused.
2020-10-20 16:54:21,712 INFO  [HJZ SpringContextShutdownHook] Caller+0	 at org.quartz.core.QuartzScheduler.shutdown(QuartzScheduler.java:740)
Scheduler quartzScheduler_$_HJZ1603184056951 shutdown complete.
2020-10-20 16:54:21,712 INFO  [HJZ SpringContextShutdownHook] Caller+0	 at org.springframework.orm.jpa.AbstractEntityManagerFactoryBean.destroy(AbstractEntityManagerFactoryBean.java:598)
Closing JPA EntityManagerFactory for persistence unit 'default'
2020-10-20 16:54:21,716 INFO  [HJZ SpringContextShutdownHook] Caller+0	 at org.springframework.scheduling.concurrent.ExecutorConfigurationSupport.shutdown(ExecutorConfigurationSupport.java:218)
Shutting down ExecutorService 'applicationTaskExecutor'
2020-10-20 16:54:21,745 INFO  [HJZ SpringContextShutdownHook] Caller+0	 at com.alibaba.druid.pool.DruidDataSource.close(DruidDataSource.java:1825)
{dataSource-1} closed
2020-10-20 16:54:43,820 INFO  [HJZ main] Caller+0	 at org.springframework.boot.StartupInfoLogger.logStarting(StartupInfoLogger.java:55)
Starting JobApplicationTests on HJZ with PID 25896 (started by Administrator in D:\work_soft\IDEA_Tool\IntelliJ_IDEA\git_repositor\hjz\task-job\job1)
2020-10-20 16:54:43,824 INFO  [HJZ main] Caller+0	 at org.springframework.boot.SpringApplication.logStartupProfileInfo(SpringApplication.java:655)
The following profiles are active: dev
2020-10-20 16:54:45,034 INFO  [HJZ main] Caller+0	 at org.springframework.data.repository.config.RepositoryConfigurationDelegate.registerRepositoriesIn(RepositoryConfigurationDelegate.java:127)
Bootstrapping Spring Data JPA repositories in DEFERRED mode.
2020-10-20 16:54:45,118 INFO  [HJZ main] Caller+0	 at org.springframework.data.repository.config.RepositoryConfigurationDelegate.registerRepositoriesIn(RepositoryConfigurationDelegate.java:187)
Finished Spring Data repository scanning in 47ms. Found 0 JPA repository interfaces.
2020-10-20 16:54:46,635 INFO  [HJZ main] Caller+0	 at org.springframework.scheduling.concurrent.ExecutorConfigurationSupport.initialize(ExecutorConfigurationSupport.java:181)
Initializing ExecutorService 'applicationTaskExecutor'
2020-10-20 16:54:47,131 INFO  [HJZ main] Caller+0	 at com.alibaba.druid.pool.DruidDataSource.init(DruidDataSource.java:930)
{dataSource-1} inited
2020-10-20 16:54:47,242 INFO  [HJZ task-1] Caller+0	 at org.hibernate.jpa.internal.util.LogHelper.logPersistenceUnitInformation(LogHelper.java:31)
HHH000204: Processing PersistenceUnitInfo [name: default]
2020-10-20 16:54:47,460 INFO  [HJZ task-1] Caller+0	 at org.hibernate.Version.logVersion(Version.java:44)
HHH000412: Hibernate ORM core version 5.4.21.Final
2020-10-20 16:54:47,492 INFO  [HJZ main] Caller+0	 at org.quartz.impl.StdSchedulerFactory.instantiate(StdSchedulerFactory.java:1208)
Using default implementation for ThreadExecutor
2020-10-20 16:54:47,496 INFO  [HJZ main] Caller+0	 at org.quartz.simpl.SimpleThreadPool.initialize(SimpleThreadPool.java:268)
Job execution threads will use class loader of thread: main
2020-10-20 16:54:47,525 INFO  [HJZ main] Caller+0	 at org.quartz.core.SchedulerSignalerImpl.<init>(SchedulerSignalerImpl.java:61)
Initialized Scheduler Signaller of type: class org.quartz.core.SchedulerSignalerImpl
2020-10-20 16:54:47,526 INFO  [HJZ main] Caller+0	 at org.quartz.core.QuartzScheduler.<init>(QuartzScheduler.java:229)
Quartz Scheduler v.2.3.0 created.
2020-10-20 16:54:47,535 INFO  [HJZ main] Caller+0	 at org.quartz.impl.jdbcjobstore.JobStoreSupport.initialize(JobStoreSupport.java:672)
Using db table-based data access locking (synchronization).
2020-10-20 16:54:47,544 INFO  [HJZ main] Caller+0	 at org.quartz.impl.jdbcjobstore.JobStoreCMT.initialize(JobStoreCMT.java:145)
JobStoreCMT initialized.
2020-10-20 16:54:47,549 INFO  [HJZ main] Caller+0	 at org.quartz.core.QuartzScheduler.initialize(QuartzScheduler.java:294)
Scheduler meta-data: Quartz Scheduler (v2.3.0) 'quartzScheduler' with instanceId 'HJZ1603184087495'
  Scheduler class: 'org.quartz.core.QuartzScheduler' - running locally.
  NOT STARTED.
  Currently in standby mode.
  Number of jobs executed: 0
  Using thread pool 'org.quartz.simpl.SimpleThreadPool' - with 10 threads.
  Using job-store 'org.springframework.scheduling.quartz.LocalDataSourceJobStore' - which supports persistence. and is clustered.

2020-10-20 16:54:47,554 INFO  [HJZ main] Caller+0	 at org.quartz.impl.StdSchedulerFactory.instantiate(StdSchedulerFactory.java:1362)
Quartz scheduler 'quartzScheduler' initialized from an externally provided properties instance.
2020-10-20 16:54:47,554 INFO  [HJZ main] Caller+0	 at org.quartz.impl.StdSchedulerFactory.instantiate(StdSchedulerFactory.java:1366)
Quartz scheduler version: 2.3.0
2020-10-20 16:54:47,554 INFO  [HJZ main] Caller+0	 at org.quartz.core.QuartzScheduler.setJobFactory(QuartzScheduler.java:2287)
JobFactory set to: com.hu.config.QuartzSchedulerConfig$AutowiringSpringBeanJobFactory@52454457
2020-10-20 16:54:48,166 INFO  [HJZ task-1] Caller+0	 at org.hibernate.annotations.common.reflection.java.JavaReflectionManager.<clinit>(JavaReflectionManager.java:49)
HCANN000001: Hibernate Commons Annotations {5.1.0.Final}
2020-10-20 16:54:48,500 WARN  [HJZ main] Caller+0	 at org.springframework.boot.autoconfigure.orm.jpa.JpaBaseConfiguration$JpaWebConfiguration.openEntityManagerInViewInterceptor(JpaBaseConfiguration.java:220)
spring.jpa.open-in-view is enabled by default. Therefore, database queries may be performed during view rendering. Explicitly configure spring.jpa.open-in-view to disable this warning
2020-10-20 16:54:48,683 INFO  [HJZ task-1] Caller+0	 at org.hibernate.dialect.Dialect.<init>(Dialect.java:170)
HHH000400: Using dialect: org.hibernate.dialect.MySQL8Dialect
2020-10-20 16:54:49,513 INFO  [HJZ task-1] Caller+0	 at org.hibernate.engine.transaction.jta.platform.internal.JtaPlatformInitiator.initiateService(JtaPlatformInitiator.java:52)
HHH000490: Using JtaPlatform implementation: [org.hibernate.engine.transaction.jta.platform.internal.NoJtaPlatform]
2020-10-20 16:54:49,572 INFO  [HJZ task-1] Caller+0	 at org.springframework.orm.jpa.AbstractEntityManagerFactoryBean.buildNativeEntityManagerFactory(AbstractEntityManagerFactoryBean.java:416)
Initialized JPA EntityManagerFactory for persistence unit 'default'
2020-10-20 16:54:50,403 INFO  [HJZ main] Caller+0	 at org.springframework.scheduling.quartz.SchedulerFactoryBean.startScheduler(SchedulerFactoryBean.java:727)
Starting Quartz Scheduler now
2020-10-20 16:54:50,414 INFO  [HJZ main] Caller+0	 at org.quartz.impl.jdbcjobstore.JobStoreSupport.logWarnIfNonZero(JobStoreSupport.java:3629)
ClusterManager: detected 1 failed or restarted instances.
2020-10-20 16:54:50,414 INFO  [HJZ main] Caller+0	 at org.quartz.impl.jdbcjobstore.JobStoreSupport.clusterRecover(JobStoreSupport.java:3488)
ClusterManager: Scanning for instance "HJZ1603184056951"'s failed in-progress jobs.
2020-10-20 16:54:50,426 INFO  [HJZ main] Caller+0	 at org.quartz.core.QuartzScheduler.start(QuartzScheduler.java:547)
Scheduler quartzScheduler_$_HJZ1603184087495 started.
2020-10-20 16:54:50,428 INFO  [HJZ main] Caller+0	 at org.springframework.data.repository.config.DeferredRepositoryInitializationListener.onApplicationEvent(DeferredRepositoryInitializationListener.java:49)
Triggering deferred initialization of Spring Data repositories…
2020-10-20 16:54:50,429 INFO  [HJZ main] Caller+0	 at org.springframework.data.repository.config.DeferredRepositoryInitializationListener.onApplicationEvent(DeferredRepositoryInitializationListener.java:53)
Spring Data repositories initialized!
2020-10-20 16:54:50,445 INFO  [HJZ main] Caller+0	 at org.springframework.boot.StartupInfoLogger.logStarted(StartupInfoLogger.java:61)
Started JobApplicationTests in 7.565 seconds (JVM running for 10.948)
2020-10-20 16:54:50,537 INFO  [HJZ quartzScheduler_Worker-1] Caller+0	 at com.hu.job.HelloWorldJob.executeInternal(HelloWorldJob.java:26)
case1 HelloWorldJob at 2020-10-20 16:54:50.536
2020-10-20 16:54:50,579 INFO  [HJZ quartzScheduler_Worker-2] Caller+0	 at com.hu.job.UpdateRunningDaysJob.executeInternal(UpdateRunningDaysJob.java:26)
case1 UpdateRunningDaysJob at 2020-10-20 16:54:50
2020-10-20 16:54:50,619 INFO  [HJZ quartzScheduler_Worker-3] Caller+0	 at com.hu.job.HelloWorldJob.executeInternal(HelloWorldJob.java:26)
case1 HelloWorldJob at 2020-10-20 16:54:50.619
2020-10-20 16:55:12,427 INFO  [HJZ quartzScheduler_Worker-4] Caller+0	 at com.hu.job.UpdateRunningDaysJob.executeInternal(UpdateRunningDaysJob.java:26)
case1 UpdateRunningDaysJob at 2020-10-20 16:55:12
2020-10-20 16:55:12,459 INFO  [HJZ SpringContextShutdownHook] Caller+0	 at org.quartz.core.QuartzScheduler.standby(QuartzScheduler.java:585)
Scheduler quartzScheduler_$_HJZ1603184087495 paused.
2020-10-20 16:55:12,460 INFO  [HJZ quartzScheduler_Worker-5] Caller+0	 at com.hu.job.UpdateRunningDaysJob.executeInternal(UpdateRunningDaysJob.java:26)
case1 UpdateRunningDaysJob at 2020-10-20 16:55:12
2020-10-20 16:55:12,464 INFO  [HJZ SpringContextShutdownHook] Caller+0	 at org.springframework.scheduling.quartz.SchedulerFactoryBean.destroy(SchedulerFactoryBean.java:845)
Shutting down Quartz Scheduler
2020-10-20 16:55:12,465 INFO  [HJZ SpringContextShutdownHook] Caller+0	 at org.quartz.core.QuartzScheduler.shutdown(QuartzScheduler.java:666)
Scheduler quartzScheduler_$_HJZ1603184087495 shutting down.
2020-10-20 16:55:12,465 INFO  [HJZ SpringContextShutdownHook] Caller+0	 at org.quartz.core.QuartzScheduler.standby(QuartzScheduler.java:585)
Scheduler quartzScheduler_$_HJZ1603184087495 paused.
2020-10-20 16:55:12,477 INFO  [HJZ SpringContextShutdownHook] Caller+0	 at org.quartz.core.QuartzScheduler.shutdown(QuartzScheduler.java:740)
Scheduler quartzScheduler_$_HJZ1603184087495 shutdown complete.
2020-10-20 16:55:12,477 INFO  [HJZ SpringContextShutdownHook] Caller+0	 at org.springframework.orm.jpa.AbstractEntityManagerFactoryBean.destroy(AbstractEntityManagerFactoryBean.java:598)
Closing JPA EntityManagerFactory for persistence unit 'default'
2020-10-20 16:55:12,486 INFO  [HJZ SpringContextShutdownHook] Caller+0	 at org.springframework.scheduling.concurrent.ExecutorConfigurationSupport.shutdown(ExecutorConfigurationSupport.java:218)
Shutting down ExecutorService 'applicationTaskExecutor'
2020-10-20 16:55:12,525 INFO  [HJZ SpringContextShutdownHook] Caller+0	 at com.alibaba.druid.pool.DruidDataSource.close(DruidDataSource.java:1825)
{dataSource-1} closed
